           7             6           5          4         3         2
9.576e-07 x - 0.0001821 x + 0.01364 x - 0.5019 x + 8.969 x - 55.42 x - 322 x + 5039
           7             6           5          4         3         2
1.823e-06 x - 0.0003408 x + 0.02514 x - 0.9188 x + 16.82 x - 128.5 x - 18.25 x + 4778
           7             6           5         4         3         2
2.162e-06 x - 0.0004019 x + 0.02947 x - 1.069 x + 19.46 x - 150.2 x + 66.83 x + 4716
            7             6            5          4         3         2
-6.449e-08 x + 1.939e-05 x - 0.002336 x + 0.1432 x - 4.651 x + 74.74 x - 488.9 x + 2124
            7             6            5          4         3         2
-6.726e-08 x + 2.018e-05 x - 0.002422 x + 0.1476 x - 4.747 x + 74.83 x - 465.9 x + 1925
            7             6            5          4         3         2
-5.179e-08 x + 1.563e-05 x - 0.001892 x + 0.1166 x - 3.811 x + 61.68 x - 403.9 x + 1699
           7             6            5          4         3         2
1.138e-06 x - 0.0001717 x + 0.008645 x - 0.1047 x - 4.492 x + 149.4 x - 1421 x + 6189
           7             6            5           4         3         2
1.199e-06 x - 0.0001645 x + 0.006198 x + 0.09403 x - 11.87 x + 284.7 x - 2551 x + 9575
           7             6            5          4         3       2
9.828e-07 x - 0.0001282 x + 0.003932 x + 0.1537 x - 12.17 x + 270 x - 2310 x + 8603
           7             6          5         4         3         2
5.396e-06 x - 0.0009977 x + 0.0731 x - 2.685 x + 51.49 x - 489.7 x + 2025 x - 390.5
           7             6           5          4         3         2
9.386e-07 x - 0.0001982 x + 0.01675 x - 0.7183 x + 16.34 x - 187.1 x + 906 x + 42.57
            7             6            5          4         3        2
-6.073e-08 x + 1.811e-05 x - 0.002158 x + 0.1304 x - 4.142 x + 63.8 x - 372.4 x + 1635
           7             6           5         4         3        2
-5.67e-08 x + 1.725e-05 x - 0.00211 x + 0.132 x - 4.412 x + 74.4 x - 538.7 x + 2341
           7             6            5          4         3         2
1.209e-06 x - 0.0001828 x + 0.009249 x - 0.1138 x - 4.801 x + 162.3 x - 1565 x + 6485